  Camera.cpp
d:\dx11\include\dxgitype.h(12): warning C4005: “DXGI_STATUS_OCCLUDED”: 宏重定义
  c:\program files (x86)\windows kits\8.1\include\shared\winerror.h(50092): note: 参见“DXGI_STATUS_OCCLUDED”的前一个定义
d:\dx11\include\dxgitype.h(13): warning C4005: “DXGI_STATUS_CLIPPED”: 宏重定义
  c:\program files (x86)\windows kits\8.1\include\shared\winerror.h(50101): note: 参见“DXGI_STATUS_CLIPPED”的前一个定义
d:\dx11\include\dxgitype.h(14): warning C4005: “DXGI_STATUS_NO_REDIRECTION”: 宏重定义
  c:\program files (x86)\windows kits\8.1\include\shared\winerror.h(50110): note: 参见“DXGI_STATUS_NO_REDIRECTION”的前一个定义
d:\dx11\include\dxgitype.h(15): warning C4005: “DXGI_STATUS_NO_DESKTOP_ACCESS”: 宏重定义
  c:\program files (x86)\windows kits\8.1\include\shared\winerror.h(50119): note: 参见“DXGI_STATUS_NO_DESKTOP_ACCESS”的前一个定义
d:\dx11\include\dxgitype.h(16): warning C4005: “DXGI_STATUS_GRAPHICS_VIDPN_SOURCE_IN_USE”: 宏重定义
  c:\program files (x86)\windows kits\8.1\include\shared\winerror.h(50128): note: 参见“DXGI_STATUS_GRAPHICS_VIDPN_SOURCE_IN_USE”的前一个定义
d:\dx11\include\dxgitype.h(17): warning C4005: “DXGI_STATUS_MODE_CHANGED”: 宏重定义
  c:\program files (x86)\windows kits\8.1\include\shared\winerror.h(50137): note: 参见“DXGI_STATUS_MODE_CHANGED”的前一个定义
d:\dx11\include\dxgitype.h(18): warning C4005: “DXGI_STATUS_MODE_CHANGE_IN_PROGRESS”: 宏重定义
  c:\program files (x86)\windows kits\8.1\include\shared\winerror.h(50146): note: 参见“DXGI_STATUS_MODE_CHANGE_IN_PROGRESS”的前一个定义
d:\dx11\include\dxgitype.h(21): warning C4005: “DXGI_ERROR_INVALID_CALL”: 宏重定义
  c:\program files (x86)\windows kits\8.1\include\shared\winerror.h(50161): note: 参见“DXGI_ERROR_INVALID_CALL”的前一个定义
d:\dx11\include\dxgitype.h(22): warning C4005: “DXGI_ERROR_NOT_FOUND”: 宏重定义
  c:\program files (x86)\windows kits\8.1\include\shared\winerror.h(50170): note: 参见“DXGI_ERROR_NOT_FOUND”的前一个定义
d:\dx11\include\dxgitype.h(23): warning C4005: “DXGI_ERROR_MORE_DATA”: 宏重定义
  c:\program files (x86)\windows kits\8.1\include\shared\winerror.h(50179): note: 参见“DXGI_ERROR_MORE_DATA”的前一个定义
d:\dx11\include\dxgitype.h(24): warning C4005: “DXGI_ERROR_UNSUPPORTED”: 宏重定义
  c:\program files (x86)\windows kits\8.1\include\shared\winerror.h(50188): note: 参见“DXGI_ERROR_UNSUPPORTED”的前一个定义
d:\dx11\include\dxgitype.h(25): warning C4005: “DXGI_ERROR_DEVICE_REMOVED”: 宏重定义
  c:\program files (x86)\windows kits\8.1\include\shared\winerror.h(50197): note: 参见“DXGI_ERROR_DEVICE_REMOVED”的前一个定义
d:\dx11\include\dxgitype.h(26): warning C4005: “DXGI_ERROR_DEVICE_HUNG”: 宏重定义
  c:\program files (x86)\windows kits\8.1\include\shared\winerror.h(50206): note: 参见“DXGI_ERROR_DEVICE_HUNG”的前一个定义
d:\dx11\include\dxgitype.h(27): warning C4005: “DXGI_ERROR_DEVICE_RESET”: 宏重定义
  c:\program files (x86)\windows kits\8.1\include\shared\winerror.h(50216): note: 参见“DXGI_ERROR_DEVICE_RESET”的前一个定义
d:\dx11\include\dxgitype.h(28): warning C4005: “DXGI_ERROR_WAS_STILL_DRAWING”: 宏重定义
  c:\program files (x86)\windows kits\8.1\include\shared\winerror.h(50225): note: 参见“DXGI_ERROR_WAS_STILL_DRAWING”的前一个定义
d:\dx11\include\dxgitype.h(29): warning C4005: “DXGI_ERROR_FRAME_STATISTICS_DISJOINT”: 宏重定义
  c:\program files (x86)\windows kits\8.1\include\shared\winerror.h(50235): note: 参见“DXGI_ERROR_FRAME_STATISTICS_DISJOINT”的前一个定义
d:\dx11\include\dxgitype.h(30): warning C4005: “DXGI_ERROR_GRAPHICS_VIDPN_SOURCE_IN_USE”: 宏重定义
  c:\program files (x86)\windows kits\8.1\include\shared\winerror.h(50244): note: 参见“DXGI_ERROR_GRAPHICS_VIDPN_SOURCE_IN_USE”的前一个定义
d:\dx11\include\dxgitype.h(31): warning C4005: “DXGI_ERROR_DRIVER_INTERNAL_ERROR”: 宏重定义
  c:\program files (x86)\windows kits\8.1\include\shared\winerror.h(50254): note: 参见“DXGI_ERROR_DRIVER_INTERNAL_ERROR”的前一个定义
d:\dx11\include\dxgitype.h(32): warning C4005: “DXGI_ERROR_NONEXCLUSIVE”: 宏重定义
  c:\program files (x86)\windows kits\8.1\include\shared\winerror.h(50263): note: 参见“DXGI_ERROR_NONEXCLUSIVE”的前一个定义
d:\dx11\include\dxgitype.h(33): warning C4005: “DXGI_ERROR_NOT_CURRENTLY_AVAILABLE”: 宏重定义
  c:\program files (x86)\windows kits\8.1\include\shared\winerror.h(50272): note: 参见“DXGI_ERROR_NOT_CURRENTLY_AVAILABLE”的前一个定义
d:\dx11\include\dxgitype.h(34): warning C4005: “DXGI_ERROR_REMOTE_CLIENT_DISCONNECTED”: 宏重定义
  c:\program files (x86)\windows kits\8.1\include\shared\winerror.h(50282): note: 参见“DXGI_ERROR_REMOTE_CLIENT_DISCONNECTED”的前一个定义
d:\dx11\include\dxgitype.h(35): warning C4005: “DXGI_ERROR_REMOTE_OUTOFMEMORY”: 宏重定义
  c:\program files (x86)\windows kits\8.1\include\shared\winerror.h(50291): note: 参见“DXGI_ERROR_REMOTE_OUTOFMEMORY”的前一个定义
d:\dx11\include\d3d11.h(917): warning C4005: “D3D11_ERROR_TOO_MANY_UNIQUE_STATE_OBJECTS”: 宏重定义
  c:\program files (x86)\windows kits\8.1\include\shared\winerror.h(50469): note: 参见“D3D11_ERROR_TOO_MANY_UNIQUE_STATE_OBJECTS”的前一个定义
d:\dx11\include\d3d11.h(918): warning C4005: “D3D11_ERROR_FILE_NOT_FOUND”: 宏重定义
  c:\program files (x86)\windows kits\8.1\include\shared\winerror.h(50478): note: 参见“D3D11_ERROR_FILE_NOT_FOUND”的前一个定义
d:\dx11\include\d3d11.h(919): warning C4005: “D3D11_ERROR_TOO_MANY_UNIQUE_VIEW_OBJECTS”: 宏重定义
  c:\program files (x86)\windows kits\8.1\include\shared\winerror.h(50488): note: 参见“D3D11_ERROR_TOO_MANY_UNIQUE_VIEW_OBJECTS”的前一个定义
d:\dx11\include\d3d11.h(920): warning C4005: “D3D11_ERROR_DEFERRED_CONTEXT_MAP_WITHOUT_INITIAL_DISCARD”: 宏重定义
  c:\program files (x86)\windows kits\8.1\include\shared\winerror.h(50497): note: 参见“D3D11_ERROR_DEFERRED_CONTEXT_MAP_WITHOUT_INITIAL_DISCARD”的前一个定义
d:\dx11\include\d3d10.h(608): warning C4005: “D3D10_ERROR_TOO_MANY_UNIQUE_STATE_OBJECTS”: 宏重定义
  c:\program files (x86)\windows kits\8.1\include\shared\winerror.h(50445): note: 参见“D3D10_ERROR_TOO_MANY_UNIQUE_STATE_OBJECTS”的前一个定义
d:\dx11\include\d3d10.h(609): warning C4005: “D3D10_ERROR_FILE_NOT_FOUND”: 宏重定义
  c:\program files (x86)\windows kits\8.1\include\shared\winerror.h(50454): note: 参见“D3D10_ERROR_FILE_NOT_FOUND”的前一个定义
d:\dx11\include\xnamath.h(2662): warning C4838: 从“unsigned int”转换到“INT”需要收缩转换
d:\dx11\include\xnamath.h(2663): warning C4838: 从“unsigned int”转换到“INT”需要收缩转换
d:\dx11\include\xnamath.h(2664): warning C4838: 从“unsigned int”转换到“INT”需要收缩转换
d:\dx11\include\xnamath.h(2665): warning C4838: 从“unsigned int”转换到“INT”需要收缩转换
d:\dx11\include\xnamath.h(2666): warning C4838: 从“unsigned int”转换到“INT”需要收缩转换
d:\dx11\include\xnamath.h(2667): warning C4838: 从“unsigned int”转换到“INT”需要收缩转换
d:\dx11\include\xnamath.h(2668): warning C4838: 从“unsigned int”转换到“INT”需要收缩转换
d:\dx11\include\xnamath.h(2689): warning C4838: 从“unsigned int”转换到“INT”需要收缩转换
d:\dx11\include\xnamath.h(2690): warning C4838: 从“unsigned int”转换到“INT”需要收缩转换
d:\dx11\include\xnamath.h(2691): warning C4838: 从“unsigned int”转换到“INT”需要收缩转换
d:\dx11\include\xnamath.h(2694): warning C4838: 从“unsigned int”转换到“INT”需要收缩转换
d:\dx11\include\xnamath.h(2695): warning C4838: 从“unsigned int”转换到“INT”需要收缩转换
d:\dx11\include\xnamath.h(2698): warning C4838: 从“unsigned int”转换到“INT”需要收缩转换
d:\dx11\include\xnamath.h(2702): warning C4838: 从“unsigned int”转换到“INT”需要收缩转换
d:\dx11\include\xnamath.h(2712): warning C4838: 从“unsigned int”转换到“INT”需要收缩转换
d:\dx11\include\xnamath.h(2713): warning C4838: 从“unsigned int”转换到“INT”需要收缩转换
d:\dx11\include\xnamath.h(2715): warning C4838: 从“unsigned int”转换到“INT”需要收缩转换
d:\dx11\include\xnamath.h(2716): warning C4838: 从“unsigned int”转换到“INT”需要收缩转换
d:\dx11\include\xnamath.h(2717): warning C4838: 从“unsigned int”转换到“INT”需要收缩转换
d:\dx11\include\xnamath.h(2727): warning C4838: 从“unsigned int”转换到“INT”需要收缩转换
d:\dx11\include\xnamath.h(2728): warning C4838: 从“unsigned int”转换到“INT”需要收缩转换
d:\dx11\include\xnamath.h(2729): warning C4838: 从“unsigned int”转换到“INT”需要收缩转换
d:\dx11\include\xnamath.h(2730): warning C4838: 从“unsigned int”转换到“INT”需要收缩转换
d:\dx11\include\xnamath.h(2731): warning C4838: 从“unsigned int”转换到“INT”需要收缩转换
d:\dx11\include\xnamath.h(2732): warning C4838: 从“unsigned int”转换到“INT”需要收缩转换
d:\dx11\include\xnamath.h(2742): warning C4838: 从“unsigned int”转换到“INT”需要收缩转换
d:\dx11\include\xnamath.h(2743): warning C4838: 从“unsigned int”转换到“INT”需要收缩转换
d:\dx11\include\xnamath.h(2754): warning C4838: 从“unsigned int”转换到“INT”需要收缩转换
d:\dx11\include\xnamathconvert.inl(2254): warning C4838: 从“unsigned int”转换到“INT”需要收缩转换
d:\dx11\include\xnamathconvert.inl(4523): warning C4838: 从“unsigned int”转换到“INT”需要收缩转换
d:\dx11\include\xnamathconvert.inl(4577): warning C4838: 从“unsigned int”转换到“INT”需要收缩转换
d:\dx11\include\xnamathconvert.inl(4639): warning C4838: 从“unsigned int”转换到“INT”需要收缩转换
d:\dx11\include\xnamathconvert.inl(4707): warning C4838: 从“unsigned int”转换到“INT”需要收缩转换
d:\dx11\include\xnamathconvert.inl(4770): warning C4838: 从“unsigned int”转换到“INT”需要收缩转换
d:\dx11\include\xnamathconvert.inl(4832): warning C4838: 从“unsigned int”转换到“INT”需要收缩转换
d:\dx11\include\xnamathmisc.inl(518): warning C4838: 从“unsigned int”转换到“INT”需要收缩转换
d:\dx11\include\xnamathmisc.inl(519): warning C4838: 从“unsigned int”转换到“INT”需要收缩转换
  CarModel.cpp
d:\dx11\include\dxgitype.h(12): warning C4005: “DXGI_STATUS_OCCLUDED”: 宏重定义
  c:\program files (x86)\windows kits\8.1\include\shared\winerror.h(50092): note: 参见“DXGI_STATUS_OCCLUDED”的前一个定义
d:\dx11\include\dxgitype.h(13): warning C4005: “DXGI_STATUS_CLIPPED”: 宏重定义
  c:\program files (x86)\windows kits\8.1\include\shared\winerror.h(50101): note: 参见“DXGI_STATUS_CLIPPED”的前一个定义
d:\dx11\include\dxgitype.h(14): warning C4005: “DXGI_STATUS_NO_REDIRECTION”: 宏重定义
  c:\program files (x86)\windows kits\8.1\include\shared\winerror.h(50110): note: 参见“DXGI_STATUS_NO_REDIRECTION”的前一个定义
d:\dx11\include\dxgitype.h(15): warning C4005: “DXGI_STATUS_NO_DESKTOP_ACCESS”: 宏重定义
  c:\program files (x86)\windows kits\8.1\include\shared\winerror.h(50119): note: 参见“DXGI_STATUS_NO_DESKTOP_ACCESS”的前一个定义
d:\dx11\include\dxgitype.h(16): warning C4005: “DXGI_STATUS_GRAPHICS_VIDPN_SOURCE_IN_USE”: 宏重定义
  c:\program files (x86)\windows kits\8.1\include\shared\winerror.h(50128): note: 参见“DXGI_STATUS_GRAPHICS_VIDPN_SOURCE_IN_USE”的前一个定义
d:\dx11\include\dxgitype.h(17): warning C4005: “DXGI_STATUS_MODE_CHANGED”: 宏重定义
  c:\program files (x86)\windows kits\8.1\include\shared\winerror.h(50137): note: 参见“DXGI_STATUS_MODE_CHANGED”的前一个定义
d:\dx11\include\dxgitype.h(18): warning C4005: “DXGI_STATUS_MODE_CHANGE_IN_PROGRESS”: 宏重定义
  c:\program files (x86)\windows kits\8.1\include\shared\winerror.h(50146): note: 参见“DXGI_STATUS_MODE_CHANGE_IN_PROGRESS”的前一个定义
d:\dx11\include\dxgitype.h(21): warning C4005: “DXGI_ERROR_INVALID_CALL”: 宏重定义
  c:\program files (x86)\windows kits\8.1\include\shared\winerror.h(50161): note: 参见“DXGI_ERROR_INVALID_CALL”的前一个定义
d:\dx11\include\dxgitype.h(22): warning C4005: “DXGI_ERROR_NOT_FOUND”: 宏重定义
  c:\program files (x86)\windows kits\8.1\include\shared\winerror.h(50170): note: 参见“DXGI_ERROR_NOT_FOUND”的前一个定义
d:\dx11\include\dxgitype.h(23): warning C4005: “DXGI_ERROR_MORE_DATA”: 宏重定义
  c:\program files (x86)\windows kits\8.1\include\shared\winerror.h(50179): note: 参见“DXGI_ERROR_MORE_DATA”的前一个定义
d:\dx11\include\dxgitype.h(24): warning C4005: “DXGI_ERROR_UNSUPPORTED”: 宏重定义
  c:\program files (x86)\windows kits\8.1\include\shared\winerror.h(50188): note: 参见“DXGI_ERROR_UNSUPPORTED”的前一个定义
d:\dx11\include\dxgitype.h(25): warning C4005: “DXGI_ERROR_DEVICE_REMOVED”: 宏重定义
  c:\program files (x86)\windows kits\8.1\include\shared\winerror.h(50197): note: 参见“DXGI_ERROR_DEVICE_REMOVED”的前一个定义
d:\dx11\include\dxgitype.h(26): warning C4005: “DXGI_ERROR_DEVICE_HUNG”: 宏重定义
  c:\program files (x86)\windows kits\8.1\include\shared\winerror.h(50206): note: 参见“DXGI_ERROR_DEVICE_HUNG”的前一个定义
d:\dx11\include\dxgitype.h(27): warning C4005: “DXGI_ERROR_DEVICE_RESET”: 宏重定义
  c:\program files (x86)\windows kits\8.1\include\shared\winerror.h(50216): note: 参见“DXGI_ERROR_DEVICE_RESET”的前一个定义
d:\dx11\include\dxgitype.h(28): warning C4005: “DXGI_ERROR_WAS_STILL_DRAWING”: 宏重定义
  c:\program files (x86)\windows kits\8.1\include\shared\winerror.h(50225): note: 参见“DXGI_ERROR_WAS_STILL_DRAWING”的前一个定义
d:\dx11\include\dxgitype.h(29): warning C4005: “DXGI_ERROR_FRAME_STATISTICS_DISJOINT”: 宏重定义
  c:\program files (x86)\windows kits\8.1\include\shared\winerror.h(50235): note: 参见“DXGI_ERROR_FRAME_STATISTICS_DISJOINT”的前一个定义
d:\dx11\include\dxgitype.h(30): warning C4005: “DXGI_ERROR_GRAPHICS_VIDPN_SOURCE_IN_USE”: 宏重定义
  c:\program files (x86)\windows kits\8.1\include\shared\winerror.h(50244): note: 参见“DXGI_ERROR_GRAPHICS_VIDPN_SOURCE_IN_USE”的前一个定义
d:\dx11\include\dxgitype.h(31): warning C4005: “DXGI_ERROR_DRIVER_INTERNAL_ERROR”: 宏重定义
  c:\program files (x86)\windows kits\8.1\include\shared\winerror.h(50254): note: 参见“DXGI_ERROR_DRIVER_INTERNAL_ERROR”的前一个定义
d:\dx11\include\dxgitype.h(32): warning C4005: “DXGI_ERROR_NONEXCLUSIVE”: 宏重定义
  c:\program files (x86)\windows kits\8.1\include\shared\winerror.h(50263): note: 参见“DXGI_ERROR_NONEXCLUSIVE”的前一个定义
d:\dx11\include\dxgitype.h(33): warning C4005: “DXGI_ERROR_NOT_CURRENTLY_AVAILABLE”: 宏重定义
  c:\program files (x86)\windows kits\8.1\include\shared\winerror.h(50272): note: 参见“DXGI_ERROR_NOT_CURRENTLY_AVAILABLE”的前一个定义
d:\dx11\include\dxgitype.h(34): warning C4005: “DXGI_ERROR_REMOTE_CLIENT_DISCONNECTED”: 宏重定义
  c:\program files (x86)\windows kits\8.1\include\shared\winerror.h(50282): note: 参见“DXGI_ERROR_REMOTE_CLIENT_DISCONNECTED”的前一个定义
d:\dx11\include\dxgitype.h(35): warning C4005: “DXGI_ERROR_REMOTE_OUTOFMEMORY”: 宏重定义
  c:\program files (x86)\windows kits\8.1\include\shared\winerror.h(50291): note: 参见“DXGI_ERROR_REMOTE_OUTOFMEMORY”的前一个定义
d:\dx11\include\d3d11.h(917): warning C4005: “D3D11_ERROR_TOO_MANY_UNIQUE_STATE_OBJECTS”: 宏重定义
  c:\program files (x86)\windows kits\8.1\include\shared\winerror.h(50469): note: 参见“D3D11_ERROR_TOO_MANY_UNIQUE_STATE_OBJECTS”的前一个定义
d:\dx11\include\d3d11.h(918): warning C4005: “D3D11_ERROR_FILE_NOT_FOUND”: 宏重定义
  c:\program files (x86)\windows kits\8.1\include\shared\winerror.h(50478): note: 参见“D3D11_ERROR_FILE_NOT_FOUND”的前一个定义
d:\dx11\include\d3d11.h(919): warning C4005: “D3D11_ERROR_TOO_MANY_UNIQUE_VIEW_OBJECTS”: 宏重定义
  c:\program files (x86)\windows kits\8.1\include\shared\winerror.h(50488): note: 参见“D3D11_ERROR_TOO_MANY_UNIQUE_VIEW_OBJECTS”的前一个定义
d:\dx11\include\d3d11.h(920): warning C4005: “D3D11_ERROR_DEFERRED_CONTEXT_MAP_WITHOUT_INITIAL_DISCARD”: 宏重定义
  c:\program files (x86)\windows kits\8.1\include\shared\winerror.h(50497): note: 参见“D3D11_ERROR_DEFERRED_CONTEXT_MAP_WITHOUT_INITIAL_DISCARD”的前一个定义
d:\dx11\include\d3d10.h(608): warning C4005: “D3D10_ERROR_TOO_MANY_UNIQUE_STATE_OBJECTS”: 宏重定义
  c:\program files (x86)\windows kits\8.1\include\shared\winerror.h(50445): note: 参见“D3D10_ERROR_TOO_MANY_UNIQUE_STATE_OBJECTS”的前一个定义
d:\dx11\include\d3d10.h(609): warning C4005: “D3D10_ERROR_FILE_NOT_FOUND”: 宏重定义
  c:\program files (x86)\windows kits\8.1\include\shared\winerror.h(50454): note: 参见“D3D10_ERROR_FILE_NOT_FOUND”的前一个定义
d:\dx11\include\xnamath.h(2662): warning C4838: 从“unsigned int”转换到“INT”需要收缩转换
d:\dx11\include\xnamath.h(2663): warning C4838: 从“unsigned int”转换到“INT”需要收缩转换
d:\dx11\include\xnamath.h(2664): warning C4838: 从“unsigned int”转换到“INT”需要收缩转换
d:\dx11\include\xnamath.h(2665): warning C4838: 从“unsigned int”转换到“INT”需要收缩转换
d:\dx11\include\xnamath.h(2666): warning C4838: 从“unsigned int”转换到“INT”需要收缩转换
d:\dx11\include\xnamath.h(2667): warning C4838: 从“unsigned int”转换到“INT”需要收缩转换
d:\dx11\include\xnamath.h(2668): warning C4838: 从“unsigned int”转换到“INT”需要收缩转换
d:\dx11\include\xnamath.h(2689): warning C4838: 从“unsigned int”转换到“INT”需要收缩转换
d:\dx11\include\xnamath.h(2690): warning C4838: 从“unsigned int”转换到“INT”需要收缩转换
d:\dx11\include\xnamath.h(2691): warning C4838: 从“unsigned int”转换到“INT”需要收缩转换
d:\dx11\include\xnamath.h(2694): warning C4838: 从“unsigned int”转换到“INT”需要收缩转换
d:\dx11\include\xnamath.h(2695): warning C4838: 从“unsigned int”转换到“INT”需要收缩转换
d:\dx11\include\xnamath.h(2698): warning C4838: 从“unsigned int”转换到“INT”需要收缩转换
d:\dx11\include\xnamath.h(2702): warning C4838: 从“unsigned int”转换到“INT”需要收缩转换
d:\dx11\include\xnamath.h(2712): warning C4838: 从“unsigned int”转换到“INT”需要收缩转换
d:\dx11\include\xnamath.h(2713): warning C4838: 从“unsigned int”转换到“INT”需要收缩转换
d:\dx11\include\xnamath.h(2715): warning C4838: 从“unsigned int”转换到“INT”需要收缩转换
d:\dx11\include\xnamath.h(2716): warning C4838: 从“unsigned int”转换到“INT”需要收缩转换
d:\dx11\include\xnamath.h(2717): warning C4838: 从“unsigned int”转换到“INT”需要收缩转换
d:\dx11\include\xnamath.h(2727): warning C4838: 从“unsigned int”转换到“INT”需要收缩转换
d:\dx11\include\xnamath.h(2728): warning C4838: 从“unsigned int”转换到“INT”需要收缩转换
d:\dx11\include\xnamath.h(2729): warning C4838: 从“unsigned int”转换到“INT”需要收缩转换
d:\dx11\include\xnamath.h(2730): warning C4838: 从“unsigned int”转换到“INT”需要收缩转换
d:\dx11\include\xnamath.h(2731): warning C4838: 从“unsigned int”转换到“INT”需要收缩转换
d:\dx11\include\xnamath.h(2732): warning C4838: 从“unsigned int”转换到“INT”需要收缩转换
d:\dx11\include\xnamath.h(2742): warning C4838: 从“unsigned int”转换到“INT”需要收缩转换
d:\dx11\include\xnamath.h(2743): warning C4838: 从“unsigned int”转换到“INT”需要收缩转换
d:\dx11\include\xnamath.h(2754): warning C4838: 从“unsigned int”转换到“INT”需要收缩转换
d:\dx11\include\xnamathconvert.inl(2254): warning C4838: 从“unsigned int”转换到“INT”需要收缩转换
d:\dx11\include\xnamathconvert.inl(4523): warning C4838: 从“unsigned int”转换到“INT”需要收缩转换
d:\dx11\include\xnamathconvert.inl(4577): warning C4838: 从“unsigned int”转换到“INT”需要收缩转换
d:\dx11\include\xnamathconvert.inl(4639): warning C4838: 从“unsigned int”转换到“INT”需要收缩转换
d:\dx11\include\xnamathconvert.inl(4707): warning C4838: 从“unsigned int”转换到“INT”需要收缩转换
d:\dx11\include\xnamathconvert.inl(4770): warning C4838: 从“unsigned int”转换到“INT”需要收缩转换
d:\dx11\include\xnamathconvert.inl(4832): warning C4838: 从“unsigned int”转换到“INT”需要收缩转换
d:\dx11\include\xnamathmisc.inl(518): warning C4838: 从“unsigned int”转换到“INT”需要收缩转换
d:\dx11\include\xnamathmisc.inl(519): warning C4838: 从“unsigned int”转换到“INT”需要收缩转换
  Graphic.cpp
d:\dx11\include\dxgitype.h(12): warning C4005: “DXGI_STATUS_OCCLUDED”: 宏重定义
  c:\program files (x86)\windows kits\8.1\include\shared\winerror.h(50092): note: 参见“DXGI_STATUS_OCCLUDED”的前一个定义
d:\dx11\include\dxgitype.h(13): warning C4005: “DXGI_STATUS_CLIPPED”: 宏重定义
  c:\program files (x86)\windows kits\8.1\include\shared\winerror.h(50101): note: 参见“DXGI_STATUS_CLIPPED”的前一个定义
d:\dx11\include\dxgitype.h(14): warning C4005: “DXGI_STATUS_NO_REDIRECTION”: 宏重定义
  c:\program files (x86)\windows kits\8.1\include\shared\winerror.h(50110): note: 参见“DXGI_STATUS_NO_REDIRECTION”的前一个定义
d:\dx11\include\dxgitype.h(15): warning C4005: “DXGI_STATUS_NO_DESKTOP_ACCESS”: 宏重定义
  c:\program files (x86)\windows kits\8.1\include\shared\winerror.h(50119): note: 参见“DXGI_STATUS_NO_DESKTOP_ACCESS”的前一个定义
d:\dx11\include\dxgitype.h(16): warning C4005: “DXGI_STATUS_GRAPHICS_VIDPN_SOURCE_IN_USE”: 宏重定义
  c:\program files (x86)\windows kits\8.1\include\shared\winerror.h(50128): note: 参见“DXGI_STATUS_GRAPHICS_VIDPN_SOURCE_IN_USE”的前一个定义
d:\dx11\include\dxgitype.h(17): warning C4005: “DXGI_STATUS_MODE_CHANGED”: 宏重定义
  c:\program files (x86)\windows kits\8.1\include\shared\winerror.h(50137): note: 参见“DXGI_STATUS_MODE_CHANGED”的前一个定义
d:\dx11\include\dxgitype.h(18): warning C4005: “DXGI_STATUS_MODE_CHANGE_IN_PROGRESS”: 宏重定义
  c:\program files (x86)\windows kits\8.1\include\shared\winerror.h(50146): note: 参见“DXGI_STATUS_MODE_CHANGE_IN_PROGRESS”的前一个定义
d:\dx11\include\dxgitype.h(21): warning C4005: “DXGI_ERROR_INVALID_CALL”: 宏重定义
  c:\program files (x86)\windows kits\8.1\include\shared\winerror.h(50161): note: 参见“DXGI_ERROR_INVALID_CALL”的前一个定义
d:\dx11\include\dxgitype.h(22): warning C4005: “DXGI_ERROR_NOT_FOUND”: 宏重定义
  c:\program files (x86)\windows kits\8.1\include\shared\winerror.h(50170): note: 参见“DXGI_ERROR_NOT_FOUND”的前一个定义
d:\dx11\include\dxgitype.h(23): warning C4005: “DXGI_ERROR_MORE_DATA”: 宏重定义
  c:\program files (x86)\windows kits\8.1\include\shared\winerror.h(50179): note: 参见“DXGI_ERROR_MORE_DATA”的前一个定义
d:\dx11\include\dxgitype.h(24): warning C4005: “DXGI_ERROR_UNSUPPORTED”: 宏重定义
  c:\program files (x86)\windows kits\8.1\include\shared\winerror.h(50188): note: 参见“DXGI_ERROR_UNSUPPORTED”的前一个定义
d:\dx11\include\dxgitype.h(25): warning C4005: “DXGI_ERROR_DEVICE_REMOVED”: 宏重定义
  c:\program files (x86)\windows kits\8.1\include\shared\winerror.h(50197): note: 参见“DXGI_ERROR_DEVICE_REMOVED”的前一个定义
d:\dx11\include\dxgitype.h(26): warning C4005: “DXGI_ERROR_DEVICE_HUNG”: 宏重定义
  c:\program files (x86)\windows kits\8.1\include\shared\winerror.h(50206): note: 参见“DXGI_ERROR_DEVICE_HUNG”的前一个定义
d:\dx11\include\dxgitype.h(27): warning C4005: “DXGI_ERROR_DEVICE_RESET”: 宏重定义
  c:\program files (x86)\windows kits\8.1\include\shared\winerror.h(50216): note: 参见“DXGI_ERROR_DEVICE_RESET”的前一个定义
d:\dx11\include\dxgitype.h(28): warning C4005: “DXGI_ERROR_WAS_STILL_DRAWING”: 宏重定义
  c:\program files (x86)\windows kits\8.1\include\shared\winerror.h(50225): note: 参见“DXGI_ERROR_WAS_STILL_DRAWING”的前一个定义
d:\dx11\include\dxgitype.h(29): warning C4005: “DXGI_ERROR_FRAME_STATISTICS_DISJOINT”: 宏重定义
  c:\program files (x86)\windows kits\8.1\include\shared\winerror.h(50235): note: 参见“DXGI_ERROR_FRAME_STATISTICS_DISJOINT”的前一个定义
d:\dx11\include\dxgitype.h(30): warning C4005: “DXGI_ERROR_GRAPHICS_VIDPN_SOURCE_IN_USE”: 宏重定义
  c:\program files (x86)\windows kits\8.1\include\shared\winerror.h(50244): note: 参见“DXGI_ERROR_GRAPHICS_VIDPN_SOURCE_IN_USE”的前一个定义
d:\dx11\include\dxgitype.h(31): warning C4005: “DXGI_ERROR_DRIVER_INTERNAL_ERROR”: 宏重定义
  c:\program files (x86)\windows kits\8.1\include\shared\winerror.h(50254): note: 参见“DXGI_ERROR_DRIVER_INTERNAL_ERROR”的前一个定义
d:\dx11\include\dxgitype.h(32): warning C4005: “DXGI_ERROR_NONEXCLUSIVE”: 宏重定义
  c:\program files (x86)\windows kits\8.1\include\shared\winerror.h(50263): note: 参见“DXGI_ERROR_NONEXCLUSIVE”的前一个定义
d:\dx11\include\dxgitype.h(33): warning C4005: “DXGI_ERROR_NOT_CURRENTLY_AVAILABLE”: 宏重定义
  c:\program files (x86)\windows kits\8.1\include\shared\winerror.h(50272): note: 参见“DXGI_ERROR_NOT_CURRENTLY_AVAILABLE”的前一个定义
d:\dx11\include\dxgitype.h(34): warning C4005: “DXGI_ERROR_REMOTE_CLIENT_DISCONNECTED”: 宏重定义
  c:\program files (x86)\windows kits\8.1\include\shared\winerror.h(50282): note: 参见“DXGI_ERROR_REMOTE_CLIENT_DISCONNECTED”的前一个定义
d:\dx11\include\dxgitype.h(35): warning C4005: “DXGI_ERROR_REMOTE_OUTOFMEMORY”: 宏重定义
  c:\program files (x86)\windows kits\8.1\include\shared\winerror.h(50291): note: 参见“DXGI_ERROR_REMOTE_OUTOFMEMORY”的前一个定义
d:\dx11\include\d3d11.h(917): warning C4005: “D3D11_ERROR_TOO_MANY_UNIQUE_STATE_OBJECTS”: 宏重定义
  c:\program files (x86)\windows kits\8.1\include\shared\winerror.h(50469): note: 参见“D3D11_ERROR_TOO_MANY_UNIQUE_STATE_OBJECTS”的前一个定义
d:\dx11\include\d3d11.h(918): warning C4005: “D3D11_ERROR_FILE_NOT_FOUND”: 宏重定义
  c:\program files (x86)\windows kits\8.1\include\shared\winerror.h(50478): note: 参见“D3D11_ERROR_FILE_NOT_FOUND”的前一个定义
d:\dx11\include\d3d11.h(919): warning C4005: “D3D11_ERROR_TOO_MANY_UNIQUE_VIEW_OBJECTS”: 宏重定义
  c:\program files (x86)\windows kits\8.1\include\shared\winerror.h(50488): note: 参见“D3D11_ERROR_TOO_MANY_UNIQUE_VIEW_OBJECTS”的前一个定义
d:\dx11\include\d3d11.h(920): warning C4005: “D3D11_ERROR_DEFERRED_CONTEXT_MAP_WITHOUT_INITIAL_DISCARD”: 宏重定义
  c:\program files (x86)\windows kits\8.1\include\shared\winerror.h(50497): note: 参见“D3D11_ERROR_DEFERRED_CONTEXT_MAP_WITHOUT_INITIAL_DISCARD”的前一个定义
d:\dx11\include\d3d10.h(608): warning C4005: “D3D10_ERROR_TOO_MANY_UNIQUE_STATE_OBJECTS”: 宏重定义
  c:\program files (x86)\windows kits\8.1\include\shared\winerror.h(50445): note: 参见“D3D10_ERROR_TOO_MANY_UNIQUE_STATE_OBJECTS”的前一个定义
d:\dx11\include\d3d10.h(609): warning C4005: “D3D10_ERROR_FILE_NOT_FOUND”: 宏重定义
  c:\program files (x86)\windows kits\8.1\include\shared\winerror.h(50454): note: 参见“D3D10_ERROR_FILE_NOT_FOUND”的前一个定义
d:\dx11\include\xnamath.h(2630): warning C4005: “XMGLOBALCONST”: 宏重定义
  c:\program files (x86)\windows kits\8.1\include\um\directxmath.h(1643): note: 参见“XMGLOBALCONST”的前一个定义
d:\dx11\include\xnamath.h(2662): warning C4838: 从“unsigned int”转换到“INT”需要收缩转换
d:\dx11\include\xnamath.h(2663): warning C4838: 从“unsigned int”转换到“INT”需要收缩转换
d:\dx11\include\xnamath.h(2664): warning C4838: 从“unsigned int”转换到“INT”需要收缩转换
d:\dx11\include\xnamath.h(2665): warning C4838: 从“unsigned int”转换到“INT”需要收缩转换
d:\dx11\include\xnamath.h(2666): warning C4838: 从“unsigned int”转换到“INT”需要收缩转换
d:\dx11\include\xnamath.h(2667): warning C4838: 从“unsigned int”转换到“INT”需要收缩转换
d:\dx11\include\xnamath.h(2668): warning C4838: 从“unsigned int”转换到“INT”需要收缩转换
d:\dx11\include\xnamath.h(2689): warning C4838: 从“unsigned int”转换到“INT”需要收缩转换
d:\dx11\include\xnamath.h(2690): warning C4838: 从“unsigned int”转换到“INT”需要收缩转换
d:\dx11\include\xnamath.h(2691): warning C4838: 从“unsigned int”转换到“INT”需要收缩转换
d:\dx11\include\xnamath.h(2694): warning C4838: 从“unsigned int”转换到“INT”需要收缩转换
d:\dx11\include\xnamath.h(2695): warning C4838: 从“unsigned int”转换到“INT”需要收缩转换
d:\dx11\include\xnamath.h(2698): warning C4838: 从“unsigned int”转换到“INT”需要收缩转换
d:\dx11\include\xnamath.h(2702): warning C4838: 从“unsigned int”转换到“INT”需要收缩转换
d:\dx11\include\xnamath.h(2712): warning C4838: 从“unsigned int”转换到“INT”需要收缩转换
d:\dx11\include\xnamath.h(2713): warning C4838: 从“unsigned int”转换到“INT”需要收缩转换
d:\dx11\include\xnamath.h(2715): warning C4838: 从“unsigned int”转换到“INT”需要收缩转换
d:\dx11\include\xnamath.h(2716): warning C4838: 从“unsigned int”转换到“INT”需要收缩转换
d:\dx11\include\xnamath.h(2717): warning C4838: 从“unsigned int”转换到“INT”需要收缩转换
d:\dx11\include\xnamath.h(2727): warning C4838: 从“unsigned int”转换到“INT”需要收缩转换
d:\dx11\include\xnamath.h(2728): warning C4838: 从“unsigned int”转换到“INT”需要收缩转换
d:\dx11\include\xnamath.h(2729): warning C4838: 从“unsigned int”转换到“INT”需要收缩转换
d:\dx11\include\xnamath.h(2730): warning C4838: 从“unsigned int”转换到“INT”需要收缩转换
d:\dx11\include\xnamath.h(2731): warning C4838: 从“unsigned int”转换到“INT”需要收缩转换
d:\dx11\include\xnamath.h(2732): warning C4838: 从“unsigned int”转换到“INT”需要收缩转换
d:\dx11\include\xnamath.h(2742): warning C4838: 从“unsigned int”转换到“INT”需要收缩转换
d:\dx11\include\xnamath.h(2743): warning C4838: 从“unsigned int”转换到“INT”需要收缩转换
d:\dx11\include\xnamath.h(2754): warning C4838: 从“unsigned int”转换到“INT”需要收缩转换
d:\dx11\include\xnamathconvert.inl(2254): warning C4838: 从“unsigned int”转换到“INT”需要收缩转换
d:\dx11\include\xnamathconvert.inl(4523): warning C4838: 从“unsigned int”转换到“INT”需要收缩转换
d:\dx11\include\xnamathconvert.inl(4577): warning C4838: 从“unsigned int”转换到“INT”需要收缩转换
d:\dx11\include\xnamathconvert.inl(4639): warning C4838: 从“unsigned int”转换到“INT”需要收缩转换
d:\dx11\include\xnamathconvert.inl(4707): warning C4838: 从“unsigned int”转换到“INT”需要收缩转换
d:\dx11\include\xnamathconvert.inl(4770): warning C4838: 从“unsigned int”转换到“INT”需要收缩转换
d:\dx11\include\xnamathconvert.inl(4832): warning C4838: 从“unsigned int”转换到“INT”需要收缩转换
d:\dx11\include\xnamathmisc.inl(518): warning C4838: 从“unsigned int”转换到“INT”需要收缩转换
d:\dx11\include\xnamathmisc.inl(519): warning C4838: 从“unsigned int”转换到“INT”需要收缩转换
d:\dx11\samples\c++\direct3d11\tutorials\tutorial07\graphic.cpp(348): warning C4244: “参数”: 从“double”转换到“FLOAT”，可能丢失数据
d:\dx11\samples\c++\direct3d11\tutorials\tutorial07\graphic.cpp(361): warning C4244: “参数”: 从“double”转换到“FLOAT”，可能丢失数据
d:\dx11\samples\c++\direct3d11\tutorials\tutorial07\graphic.cpp(373): warning C4244: “参数”: 从“double”转换到“FLOAT”，可能丢失数据
d:\dx11\samples\c++\direct3d11\tutorials\tutorial07\graphic.cpp(383): warning C4244: “参数”: 从“double”转换到“FLOAT”，可能丢失数据
d:\dx11\samples\c++\direct3d11\tutorials\tutorial07\graphic.cpp(393): warning C4244: “=”: 从“double”转换到“FLOAT”，可能丢失数据
d:\dx11\samples\c++\direct3d11\tutorials\tutorial07\graphic.cpp(394): warning C4244: “参数”: 从“double”转换到“FLOAT”，可能丢失数据
d:\dx11\samples\c++\direct3d11\tutorials\tutorial07\graphic.cpp(395): warning C4244: “参数”: 从“double”转换到“FLOAT”，可能丢失数据
d:\dx11\samples\c++\direct3d11\tutorials\tutorial07\graphic.cpp(411): warning C4244: “=”: 从“double”转换到“FLOAT”，可能丢失数据
d:\dx11\samples\c++\direct3d11\tutorials\tutorial07\graphic.cpp(412): warning C4244: “参数”: 从“double”转换到“FLOAT”，可能丢失数据
d:\dx11\samples\c++\direct3d11\tutorials\tutorial07\graphic.cpp(413): warning C4244: “参数”: 从“double”转换到“FLOAT”，可能丢失数据
d:\dx11\samples\c++\direct3d11\tutorials\tutorial07\graphic.cpp(438): warning C4244: “参数”: 从“double”转换到“FLOAT”，可能丢失数据
d:\dx11\samples\c++\direct3d11\tutorials\tutorial07\graphic.cpp(439): warning C4244: “参数”: 从“double”转换到“FLOAT”，可能丢失数据
d:\dx11\samples\c++\direct3d11\tutorials\tutorial07\graphic.cpp(440): warning C4244: “参数”: 从“double”转换到“FLOAT”，可能丢失数据
d:\dx11\samples\c++\direct3d11\tutorials\tutorial07\graphic.cpp(441): warning C4244: “参数”: 从“double”转换到“FLOAT”，可能丢失数据
d:\dx11\samples\c++\direct3d11\tutorials\tutorial07\graphic.cpp(648): warning C4244: “初始化”: 从“int”转换到“FLOAT”，可能丢失数据
d:\dx11\samples\c++\direct3d11\tutorials\tutorial07\graphic.cpp(661): warning C4244: “return”: 从“double”转换到“FLOAT”，可能丢失数据
d:\dx11\samples\c++\direct3d11\tutorials\tutorial07\graphic.cpp(669): warning C4244: “return”: 从“double”转换到“FLOAT”，可能丢失数据
d:\dx11\samples\c++\direct3d11\tutorials\tutorial07\graphic.cpp(675): warning C4244: “return”: 从“double”转换到“FLOAT”，可能丢失数据
d:\dx11\samples\c++\direct3d11\tutorials\tutorial07\graphic.cpp(683): warning C4244: “初始化”: 从“int”转换到“FLOAT”，可能丢失数据
d:\dx11\samples\c++\direct3d11\tutorials\tutorial07\graphic.cpp(696): warning C4244: “return”: 从“double”转换到“FLOAT”，可能丢失数据
d:\dx11\samples\c++\direct3d11\tutorials\tutorial07\graphic.cpp(707): warning C4244: “return”: 从“double”转换到“FLOAT”，可能丢失数据
d:\dx11\samples\c++\direct3d11\tutorials\tutorial07\graphic.cpp(716): warning C4244: “return”: 从“double”转换到“FLOAT”，可能丢失数据
d:\dx11\samples\c++\direct3d11\tutorials\tutorial07\graphic.cpp(751): warning C4458: “is_wheel_ture”的声明隐藏了类成员
  d:\dx11\samples\c++\direct3d11\tutorials\tutorial07\graphic.h(92): note: 参见“Graphic::is_wheel_ture”的声明
d:\dx11\samples\c++\direct3d11\tutorials\tutorial07\graphic.cpp(752): warning C4458: “is_left_pressed”的声明隐藏了类成员
  d:\dx11\samples\c++\direct3d11\tutorials\tutorial07\graphic.h(93): note: 参见“Graphic::is_left_pressed”的声明
d:\dx11\samples\c++\direct3d11\tutorials\tutorial07\graphic.cpp(753): warning C4458: “is_right_pressed”的声明隐藏了类成员
  d:\dx11\samples\c++\direct3d11\tutorials\tutorial07\graphic.h(94): note: 参见“Graphic::is_right_pressed”的声明
d:\dx11\samples\c++\direct3d11\tutorials\tutorial07\graphic.cpp(754): warning C4458: “is_up_pressed”的声明隐藏了类成员
  d:\dx11\samples\c++\direct3d11\tutorials\tutorial07\graphic.h(95): note: 参见“Graphic::is_up_pressed”的声明
d:\dx11\samples\c++\direct3d11\tutorials\tutorial07\graphic.cpp(755): warning C4458: “is_down_pressed”的声明隐藏了类成员
  d:\dx11\samples\c++\direct3d11\tutorials\tutorial07\graphic.h(96): note: 参见“Graphic::is_down_pressed”的声明
  RenderShadowTexture.cpp
d:\dx11\include\dxgitype.h(12): warning C4005: “DXGI_STATUS_OCCLUDED”: 宏重定义
  c:\program files (x86)\windows kits\8.1\include\shared\winerror.h(50092): note: 参见“DXGI_STATUS_OCCLUDED”的前一个定义
d:\dx11\include\dxgitype.h(13): warning C4005: “DXGI_STATUS_CLIPPED”: 宏重定义
  c:\program files (x86)\windows kits\8.1\include\shared\winerror.h(50101): note: 参见“DXGI_STATUS_CLIPPED”的前一个定义
d:\dx11\include\dxgitype.h(14): warning C4005: “DXGI_STATUS_NO_REDIRECTION”: 宏重定义
  c:\program files (x86)\windows kits\8.1\include\shared\winerror.h(50110): note: 参见“DXGI_STATUS_NO_REDIRECTION”的前一个定义
d:\dx11\include\dxgitype.h(15): warning C4005: “DXGI_STATUS_NO_DESKTOP_ACCESS”: 宏重定义
  c:\program files (x86)\windows kits\8.1\include\shared\winerror.h(50119): note: 参见“DXGI_STATUS_NO_DESKTOP_ACCESS”的前一个定义
d:\dx11\include\dxgitype.h(16): warning C4005: “DXGI_STATUS_GRAPHICS_VIDPN_SOURCE_IN_USE”: 宏重定义
  c:\program files (x86)\windows kits\8.1\include\shared\winerror.h(50128): note: 参见“DXGI_STATUS_GRAPHICS_VIDPN_SOURCE_IN_USE”的前一个定义
d:\dx11\include\dxgitype.h(17): warning C4005: “DXGI_STATUS_MODE_CHANGED”: 宏重定义
  c:\program files (x86)\windows kits\8.1\include\shared\winerror.h(50137): note: 参见“DXGI_STATUS_MODE_CHANGED”的前一个定义
d:\dx11\include\dxgitype.h(18): warning C4005: “DXGI_STATUS_MODE_CHANGE_IN_PROGRESS”: 宏重定义
  c:\program files (x86)\windows kits\8.1\include\shared\winerror.h(50146): note: 参见“DXGI_STATUS_MODE_CHANGE_IN_PROGRESS”的前一个定义
d:\dx11\include\dxgitype.h(21): warning C4005: “DXGI_ERROR_INVALID_CALL”: 宏重定义
  c:\program files (x86)\windows kits\8.1\include\shared\winerror.h(50161): note: 参见“DXGI_ERROR_INVALID_CALL”的前一个定义
d:\dx11\include\dxgitype.h(22): warning C4005: “DXGI_ERROR_NOT_FOUND”: 宏重定义
  c:\program files (x86)\windows kits\8.1\include\shared\winerror.h(50170): note: 参见“DXGI_ERROR_NOT_FOUND”的前一个定义
d:\dx11\include\dxgitype.h(23): warning C4005: “DXGI_ERROR_MORE_DATA”: 宏重定义
  c:\program files (x86)\windows kits\8.1\include\shared\winerror.h(50179): note: 参见“DXGI_ERROR_MORE_DATA”的前一个定义
d:\dx11\include\dxgitype.h(24): warning C4005: “DXGI_ERROR_UNSUPPORTED”: 宏重定义
  c:\program files (x86)\windows kits\8.1\include\shared\winerror.h(50188): note: 参见“DXGI_ERROR_UNSUPPORTED”的前一个定义
d:\dx11\include\dxgitype.h(25): warning C4005: “DXGI_ERROR_DEVICE_REMOVED”: 宏重定义
  c:\program files (x86)\windows kits\8.1\include\shared\winerror.h(50197): note: 参见“DXGI_ERROR_DEVICE_REMOVED”的前一个定义
d:\dx11\include\dxgitype.h(26): warning C4005: “DXGI_ERROR_DEVICE_HUNG”: 宏重定义
  c:\program files (x86)\windows kits\8.1\include\shared\winerror.h(50206): note: 参见“DXGI_ERROR_DEVICE_HUNG”的前一个定义
d:\dx11\include\dxgitype.h(27): warning C4005: “DXGI_ERROR_DEVICE_RESET”: 宏重定义
  c:\program files (x86)\windows kits\8.1\include\shared\winerror.h(50216): note: 参见“DXGI_ERROR_DEVICE_RESET”的前一个定义
d:\dx11\include\dxgitype.h(28): warning C4005: “DXGI_ERROR_WAS_STILL_DRAWING”: 宏重定义
  c:\program files (x86)\windows kits\8.1\include\shared\winerror.h(50225): note: 参见“DXGI_ERROR_WAS_STILL_DRAWING”的前一个定义
d:\dx11\include\dxgitype.h(29): warning C4005: “DXGI_ERROR_FRAME_STATISTICS_DISJOINT”: 宏重定义
  c:\program files (x86)\windows kits\8.1\include\shared\winerror.h(50235): note: 参见“DXGI_ERROR_FRAME_STATISTICS_DISJOINT”的前一个定义
d:\dx11\include\dxgitype.h(30): warning C4005: “DXGI_ERROR_GRAPHICS_VIDPN_SOURCE_IN_USE”: 宏重定义
  c:\program files (x86)\windows kits\8.1\include\shared\winerror.h(50244): note: 参见“DXGI_ERROR_GRAPHICS_VIDPN_SOURCE_IN_USE”的前一个定义
d:\dx11\include\dxgitype.h(31): warning C4005: “DXGI_ERROR_DRIVER_INTERNAL_ERROR”: 宏重定义
  c:\program files (x86)\windows kits\8.1\include\shared\winerror.h(50254): note: 参见“DXGI_ERROR_DRIVER_INTERNAL_ERROR”的前一个定义
d:\dx11\include\dxgitype.h(32): warning C4005: “DXGI_ERROR_NONEXCLUSIVE”: 宏重定义
  c:\program files (x86)\windows kits\8.1\include\shared\winerror.h(50263): note: 参见“DXGI_ERROR_NONEXCLUSIVE”的前一个定义
d:\dx11\include\dxgitype.h(33): warning C4005: “DXGI_ERROR_NOT_CURRENTLY_AVAILABLE”: 宏重定义
  c:\program files (x86)\windows kits\8.1\include\shared\winerror.h(50272): note: 参见“DXGI_ERROR_NOT_CURRENTLY_AVAILABLE”的前一个定义
d:\dx11\include\dxgitype.h(34): warning C4005: “DXGI_ERROR_REMOTE_CLIENT_DISCONNECTED”: 宏重定义
  c:\program files (x86)\windows kits\8.1\include\shared\winerror.h(50282): note: 参见“DXGI_ERROR_REMOTE_CLIENT_DISCONNECTED”的前一个定义
d:\dx11\include\dxgitype.h(35): warning C4005: “DXGI_ERROR_REMOTE_OUTOFMEMORY”: 宏重定义
  c:\program files (x86)\windows kits\8.1\include\shared\winerror.h(50291): note: 参见“DXGI_ERROR_REMOTE_OUTOFMEMORY”的前一个定义
d:\dx11\include\d3d11.h(917): warning C4005: “D3D11_ERROR_TOO_MANY_UNIQUE_STATE_OBJECTS”: 宏重定义
  c:\program files (x86)\windows kits\8.1\include\shared\winerror.h(50469): note: 参见“D3D11_ERROR_TOO_MANY_UNIQUE_STATE_OBJECTS”的前一个定义
d:\dx11\include\d3d11.h(918): warning C4005: “D3D11_ERROR_FILE_NOT_FOUND”: 宏重定义
  c:\program files (x86)\windows kits\8.1\include\shared\winerror.h(50478): note: 参见“D3D11_ERROR_FILE_NOT_FOUND”的前一个定义
d:\dx11\include\d3d11.h(919): warning C4005: “D3D11_ERROR_TOO_MANY_UNIQUE_VIEW_OBJECTS”: 宏重定义
  c:\program files (x86)\windows kits\8.1\include\shared\winerror.h(50488): note: 参见“D3D11_ERROR_TOO_MANY_UNIQUE_VIEW_OBJECTS”的前一个定义
d:\dx11\include\d3d11.h(920): warning C4005: “D3D11_ERROR_DEFERRED_CONTEXT_MAP_WITHOUT_INITIAL_DISCARD”: 宏重定义
  c:\program files (x86)\windows kits\8.1\include\shared\winerror.h(50497): note: 参见“D3D11_ERROR_DEFERRED_CONTEXT_MAP_WITHOUT_INITIAL_DISCARD”的前一个定义
d:\dx11\include\d3d10.h(608): warning C4005: “D3D10_ERROR_TOO_MANY_UNIQUE_STATE_OBJECTS”: 宏重定义
  c:\program files (x86)\windows kits\8.1\include\shared\winerror.h(50445): note: 参见“D3D10_ERROR_TOO_MANY_UNIQUE_STATE_OBJECTS”的前一个定义
d:\dx11\include\d3d10.h(609): warning C4005: “D3D10_ERROR_FILE_NOT_FOUND”: 宏重定义
  c:\program files (x86)\windows kits\8.1\include\shared\winerror.h(50454): note: 参见“D3D10_ERROR_FILE_NOT_FOUND”的前一个定义
d:\dx11\include\xnamath.h(2662): warning C4838: 从“unsigned int”转换到“INT”需要收缩转换
d:\dx11\include\xnamath.h(2663): warning C4838: 从“unsigned int”转换到“INT”需要收缩转换
d:\dx11\include\xnamath.h(2664): warning C4838: 从“unsigned int”转换到“INT”需要收缩转换
d:\dx11\include\xnamath.h(2665): warning C4838: 从“unsigned int”转换到“INT”需要收缩转换
d:\dx11\include\xnamath.h(2666): warning C4838: 从“unsigned int”转换到“INT”需要收缩转换
d:\dx11\include\xnamath.h(2667): warning C4838: 从“unsigned int”转换到“INT”需要收缩转换
d:\dx11\include\xnamath.h(2668): warning C4838: 从“unsigned int”转换到“INT”需要收缩转换
d:\dx11\include\xnamath.h(2689): warning C4838: 从“unsigned int”转换到“INT”需要收缩转换
d:\dx11\include\xnamath.h(2690): warning C4838: 从“unsigned int”转换到“INT”需要收缩转换
d:\dx11\include\xnamath.h(2691): warning C4838: 从“unsigned int”转换到“INT”需要收缩转换
d:\dx11\include\xnamath.h(2694): warning C4838: 从“unsigned int”转换到“INT”需要收缩转换
d:\dx11\include\xnamath.h(2695): warning C4838: 从“unsigned int”转换到“INT”需要收缩转换
d:\dx11\include\xnamath.h(2698): warning C4838: 从“unsigned int”转换到“INT”需要收缩转换
d:\dx11\include\xnamath.h(2702): warning C4838: 从“unsigned int”转换到“INT”需要收缩转换
d:\dx11\include\xnamath.h(2712): warning C4838: 从“unsigned int”转换到“INT”需要收缩转换
d:\dx11\include\xnamath.h(2713): warning C4838: 从“unsigned int”转换到“INT”需要收缩转换
d:\dx11\include\xnamath.h(2715): warning C4838: 从“unsigned int”转换到“INT”需要收缩转换
d:\dx11\include\xnamath.h(2716): warning C4838: 从“unsigned int”转换到“INT”需要收缩转换
d:\dx11\include\xnamath.h(2717): warning C4838: 从“unsigned int”转换到“INT”需要收缩转换
d:\dx11\include\xnamath.h(2727): warning C4838: 从“unsigned int”转换到“INT”需要收缩转换
d:\dx11\include\xnamath.h(2728): warning C4838: 从“unsigned int”转换到“INT”需要收缩转换
d:\dx11\include\xnamath.h(2729): warning C4838: 从“unsigned int”转换到“INT”需要收缩转换
d:\dx11\include\xnamath.h(2730): warning C4838: 从“unsigned int”转换到“INT”需要收缩转换
d:\dx11\include\xnamath.h(2731): warning C4838: 从“unsigned int”转换到“INT”需要收缩转换
d:\dx11\include\xnamath.h(2732): warning C4838: 从“unsigned int”转换到“INT”需要收缩转换
d:\dx11\include\xnamath.h(2742): warning C4838: 从“unsigned int”转换到“INT”需要收缩转换
d:\dx11\include\xnamath.h(2743): warning C4838: 从“unsigned int”转换到“INT”需要收缩转换
d:\dx11\include\xnamath.h(2754): warning C4838: 从“unsigned int”转换到“INT”需要收缩转换
d:\dx11\include\xnamathconvert.inl(2254): warning C4838: 从“unsigned int”转换到“INT”需要收缩转换
d:\dx11\include\xnamathconvert.inl(4523): warning C4838: 从“unsigned int”转换到“INT”需要收缩转换
d:\dx11\include\xnamathconvert.inl(4577): warning C4838: 从“unsigned int”转换到“INT”需要收缩转换
d:\dx11\include\xnamathconvert.inl(4639): warning C4838: 从“unsigned int”转换到“INT”需要收缩转换
d:\dx11\include\xnamathconvert.inl(4707): warning C4838: 从“unsigned int”转换到“INT”需要收缩转换
d:\dx11\include\xnamathconvert.inl(4770): warning C4838: 从“unsigned int”转换到“INT”需要收缩转换
d:\dx11\include\xnamathconvert.inl(4832): warning C4838: 从“unsigned int”转换到“INT”需要收缩转换
d:\dx11\include\xnamathmisc.inl(518): warning C4838: 从“unsigned int”转换到“INT”需要收缩转换
d:\dx11\include\xnamathmisc.inl(519): warning C4838: 从“unsigned int”转换到“INT”需要收缩转换
d:\dx11\samples\c++\direct3d11\tutorials\tutorial07\rendershadowtexture.cpp(14): warning C4100: “screenNear”: 未引用的形参
d:\dx11\samples\c++\direct3d11\tutorials\tutorial07\rendershadowtexture.cpp(14): warning C4100: “screenDepth”: 未引用的形参
  ShadowShader.cpp
d:\dx11\include\dxgitype.h(12): warning C4005: “DXGI_STATUS_OCCLUDED”: 宏重定义
  c:\program files (x86)\windows kits\8.1\include\shared\winerror.h(50092): note: 参见“DXGI_STATUS_OCCLUDED”的前一个定义
d:\dx11\include\dxgitype.h(13): warning C4005: “DXGI_STATUS_CLIPPED”: 宏重定义
  c:\program files (x86)\windows kits\8.1\include\shared\winerror.h(50101): note: 参见“DXGI_STATUS_CLIPPED”的前一个定义
d:\dx11\include\dxgitype.h(14): warning C4005: “DXGI_STATUS_NO_REDIRECTION”: 宏重定义
  c:\program files (x86)\windows kits\8.1\include\shared\winerror.h(50110): note: 参见“DXGI_STATUS_NO_REDIRECTION”的前一个定义
d:\dx11\include\dxgitype.h(15): warning C4005: “DXGI_STATUS_NO_DESKTOP_ACCESS”: 宏重定义
  c:\program files (x86)\windows kits\8.1\include\shared\winerror.h(50119): note: 参见“DXGI_STATUS_NO_DESKTOP_ACCESS”的前一个定义
d:\dx11\include\dxgitype.h(16): warning C4005: “DXGI_STATUS_GRAPHICS_VIDPN_SOURCE_IN_USE”: 宏重定义
  c:\program files (x86)\windows kits\8.1\include\shared\winerror.h(50128): note: 参见“DXGI_STATUS_GRAPHICS_VIDPN_SOURCE_IN_USE”的前一个定义
d:\dx11\include\dxgitype.h(17): warning C4005: “DXGI_STATUS_MODE_CHANGED”: 宏重定义
  c:\program files (x86)\windows kits\8.1\include\shared\winerror.h(50137): note: 参见“DXGI_STATUS_MODE_CHANGED”的前一个定义
d:\dx11\include\dxgitype.h(18): warning C4005: “DXGI_STATUS_MODE_CHANGE_IN_PROGRESS”: 宏重定义
  c:\program files (x86)\windows kits\8.1\include\shared\winerror.h(50146): note: 参见“DXGI_STATUS_MODE_CHANGE_IN_PROGRESS”的前一个定义
d:\dx11\include\dxgitype.h(21): warning C4005: “DXGI_ERROR_INVALID_CALL”: 宏重定义
  c:\program files (x86)\windows kits\8.1\include\shared\winerror.h(50161): note: 参见“DXGI_ERROR_INVALID_CALL”的前一个定义
d:\dx11\include\dxgitype.h(22): warning C4005: “DXGI_ERROR_NOT_FOUND”: 宏重定义
  c:\program files (x86)\windows kits\8.1\include\shared\winerror.h(50170): note: 参见“DXGI_ERROR_NOT_FOUND”的前一个定义
d:\dx11\include\dxgitype.h(23): warning C4005: “DXGI_ERROR_MORE_DATA”: 宏重定义
  c:\program files (x86)\windows kits\8.1\include\shared\winerror.h(50179): note: 参见“DXGI_ERROR_MORE_DATA”的前一个定义
d:\dx11\include\dxgitype.h(24): warning C4005: “DXGI_ERROR_UNSUPPORTED”: 宏重定义
  c:\program files (x86)\windows kits\8.1\include\shared\winerror.h(50188): note: 参见“DXGI_ERROR_UNSUPPORTED”的前一个定义
d:\dx11\include\dxgitype.h(25): warning C4005: “DXGI_ERROR_DEVICE_REMOVED”: 宏重定义
  c:\program files (x86)\windows kits\8.1\include\shared\winerror.h(50197): note: 参见“DXGI_ERROR_DEVICE_REMOVED”的前一个定义
d:\dx11\include\dxgitype.h(26): warning C4005: “DXGI_ERROR_DEVICE_HUNG”: 宏重定义
  c:\program files (x86)\windows kits\8.1\include\shared\winerror.h(50206): note: 参见“DXGI_ERROR_DEVICE_HUNG”的前一个定义
d:\dx11\include\dxgitype.h(27): warning C4005: “DXGI_ERROR_DEVICE_RESET”: 宏重定义
  c:\program files (x86)\windows kits\8.1\include\shared\winerror.h(50216): note: 参见“DXGI_ERROR_DEVICE_RESET”的前一个定义
d:\dx11\include\dxgitype.h(28): warning C4005: “DXGI_ERROR_WAS_STILL_DRAWING”: 宏重定义
  c:\program files (x86)\windows kits\8.1\include\shared\winerror.h(50225): note: 参见“DXGI_ERROR_WAS_STILL_DRAWING”的前一个定义
d:\dx11\include\dxgitype.h(29): warning C4005: “DXGI_ERROR_FRAME_STATISTICS_DISJOINT”: 宏重定义
  c:\program files (x86)\windows kits\8.1\include\shared\winerror.h(50235): note: 参见“DXGI_ERROR_FRAME_STATISTICS_DISJOINT”的前一个定义
d:\dx11\include\dxgitype.h(30): warning C4005: “DXGI_ERROR_GRAPHICS_VIDPN_SOURCE_IN_USE”: 宏重定义
  c:\program files (x86)\windows kits\8.1\include\shared\winerror.h(50244): note: 参见“DXGI_ERROR_GRAPHICS_VIDPN_SOURCE_IN_USE”的前一个定义
d:\dx11\include\dxgitype.h(31): warning C4005: “DXGI_ERROR_DRIVER_INTERNAL_ERROR”: 宏重定义
  c:\program files (x86)\windows kits\8.1\include\shared\winerror.h(50254): note: 参见“DXGI_ERROR_DRIVER_INTERNAL_ERROR”的前一个定义
d:\dx11\include\dxgitype.h(32): warning C4005: “DXGI_ERROR_NONEXCLUSIVE”: 宏重定义
  c:\program files (x86)\windows kits\8.1\include\shared\winerror.h(50263): note: 参见“DXGI_ERROR_NONEXCLUSIVE”的前一个定义
d:\dx11\include\dxgitype.h(33): warning C4005: “DXGI_ERROR_NOT_CURRENTLY_AVAILABLE”: 宏重定义
  c:\program files (x86)\windows kits\8.1\include\shared\winerror.h(50272): note: 参见“DXGI_ERROR_NOT_CURRENTLY_AVAILABLE”的前一个定义
d:\dx11\include\dxgitype.h(34): warning C4005: “DXGI_ERROR_REMOTE_CLIENT_DISCONNECTED”: 宏重定义
  c:\program files (x86)\windows kits\8.1\include\shared\winerror.h(50282): note: 参见“DXGI_ERROR_REMOTE_CLIENT_DISCONNECTED”的前一个定义
d:\dx11\include\dxgitype.h(35): warning C4005: “DXGI_ERROR_REMOTE_OUTOFMEMORY”: 宏重定义
  c:\program files (x86)\windows kits\8.1\include\shared\winerror.h(50291): note: 参见“DXGI_ERROR_REMOTE_OUTOFMEMORY”的前一个定义
d:\dx11\include\d3d11.h(917): warning C4005: “D3D11_ERROR_TOO_MANY_UNIQUE_STATE_OBJECTS”: 宏重定义
  c:\program files (x86)\windows kits\8.1\include\shared\winerror.h(50469): note: 参见“D3D11_ERROR_TOO_MANY_UNIQUE_STATE_OBJECTS”的前一个定义
d:\dx11\include\d3d11.h(918): warning C4005: “D3D11_ERROR_FILE_NOT_FOUND”: 宏重定义
  c:\program files (x86)\windows kits\8.1\include\shared\winerror.h(50478): note: 参见“D3D11_ERROR_FILE_NOT_FOUND”的前一个定义
d:\dx11\include\d3d11.h(919): warning C4005: “D3D11_ERROR_TOO_MANY_UNIQUE_VIEW_OBJECTS”: 宏重定义
  c:\program files (x86)\windows kits\8.1\include\shared\winerror.h(50488): note: 参见“D3D11_ERROR_TOO_MANY_UNIQUE_VIEW_OBJECTS”的前一个定义
d:\dx11\include\d3d11.h(920): warning C4005: “D3D11_ERROR_DEFERRED_CONTEXT_MAP_WITHOUT_INITIAL_DISCARD”: 宏重定义
  c:\program files (x86)\windows kits\8.1\include\shared\winerror.h(50497): note: 参见“D3D11_ERROR_DEFERRED_CONTEXT_MAP_WITHOUT_INITIAL_DISCARD”的前一个定义
d:\dx11\include\d3d10.h(608): warning C4005: “D3D10_ERROR_TOO_MANY_UNIQUE_STATE_OBJECTS”: 宏重定义
  c:\program files (x86)\windows kits\8.1\include\shared\winerror.h(50445): note: 参见“D3D10_ERROR_TOO_MANY_UNIQUE_STATE_OBJECTS”的前一个定义
d:\dx11\include\d3d10.h(609): warning C4005: “D3D10_ERROR_FILE_NOT_FOUND”: 宏重定义
  c:\program files (x86)\windows kits\8.1\include\shared\winerror.h(50454): note: 参见“D3D10_ERROR_FILE_NOT_FOUND”的前一个定义
d:\dx11\include\xnamath.h(2662): warning C4838: 从“unsigned int”转换到“INT”需要收缩转换
d:\dx11\include\xnamath.h(2663): warning C4838: 从“unsigned int”转换到“INT”需要收缩转换
d:\dx11\include\xnamath.h(2664): warning C4838: 从“unsigned int”转换到“INT”需要收缩转换
d:\dx11\include\xnamath.h(2665): warning C4838: 从“unsigned int”转换到“INT”需要收缩转换
d:\dx11\include\xnamath.h(2666): warning C4838: 从“unsigned int”转换到“INT”需要收缩转换
d:\dx11\include\xnamath.h(2667): warning C4838: 从“unsigned int”转换到“INT”需要收缩转换
d:\dx11\include\xnamath.h(2668): warning C4838: 从“unsigned int”转换到“INT”需要收缩转换
d:\dx11\include\xnamath.h(2689): warning C4838: 从“unsigned int”转换到“INT”需要收缩转换
d:\dx11\include\xnamath.h(2690): warning C4838: 从“unsigned int”转换到“INT”需要收缩转换
d:\dx11\include\xnamath.h(2691): warning C4838: 从“unsigned int”转换到“INT”需要收缩转换
d:\dx11\include\xnamath.h(2694): warning C4838: 从“unsigned int”转换到“INT”需要收缩转换
d:\dx11\include\xnamath.h(2695): warning C4838: 从“unsigned int”转换到“INT”需要收缩转换
d:\dx11\include\xnamath.h(2698): warning C4838: 从“unsigned int”转换到“INT”需要收缩转换
d:\dx11\include\xnamath.h(2702): warning C4838: 从“unsigned int”转换到“INT”需要收缩转换
d:\dx11\include\xnamath.h(2712): warning C4838: 从“unsigned int”转换到“INT”需要收缩转换
d:\dx11\include\xnamath.h(2713): warning C4838: 从“unsigned int”转换到“INT”需要收缩转换
d:\dx11\include\xnamath.h(2715): warning C4838: 从“unsigned int”转换到“INT”需要收缩转换
d:\dx11\include\xnamath.h(2716): warning C4838: 从“unsigned int”转换到“INT”需要收缩转换
d:\dx11\include\xnamath.h(2717): warning C4838: 从“unsigned int”转换到“INT”需要收缩转换
d:\dx11\include\xnamath.h(2727): warning C4838: 从“unsigned int”转换到“INT”需要收缩转换
d:\dx11\include\xnamath.h(2728): warning C4838: 从“unsigned int”转换到“INT”需要收缩转换
d:\dx11\include\xnamath.h(2729): warning C4838: 从“unsigned int”转换到“INT”需要收缩转换
d:\dx11\include\xnamath.h(2730): warning C4838: 从“unsigned int”转换到“INT”需要收缩转换
d:\dx11\include\xnamath.h(2731): warning C4838: 从“unsigned int”转换到“INT”需要收缩转换
d:\dx11\include\xnamath.h(2732): warning C4838: 从“unsigned int”转换到“INT”需要收缩转换
d:\dx11\include\xnamath.h(2742): warning C4838: 从“unsigned int”转换到“INT”需要收缩转换
d:\dx11\include\xnamath.h(2743): warning C4838: 从“unsigned int”转换到“INT”需要收缩转换
d:\dx11\include\xnamath.h(2754): warning C4838: 从“unsigned int”转换到“INT”需要收缩转换
d:\dx11\include\xnamathconvert.inl(2254): warning C4838: 从“unsigned int”转换到“INT”需要收缩转换
d:\dx11\include\xnamathconvert.inl(4523): warning C4838: 从“unsigned int”转换到“INT”需要收缩转换
d:\dx11\include\xnamathconvert.inl(4577): warning C4838: 从“unsigned int”转换到“INT”需要收缩转换
d:\dx11\include\xnamathconvert.inl(4639): warning C4838: 从“unsigned int”转换到“INT”需要收缩转换
d:\dx11\include\xnamathconvert.inl(4707): warning C4838: 从“unsigned int”转换到“INT”需要收缩转换
d:\dx11\include\xnamathconvert.inl(4770): warning C4838: 从“unsigned int”转换到“INT”需要收缩转换
d:\dx11\include\xnamathconvert.inl(4832): warning C4838: 从“unsigned int”转换到“INT”需要收缩转换
d:\dx11\include\xnamathmisc.inl(518): warning C4838: 从“unsigned int”转换到“INT”需要收缩转换
d:\dx11\include\xnamathmisc.inl(519): warning C4838: 从“unsigned int”转换到“INT”需要收缩转换
d:\dx11\samples\c++\direct3d11\tutorials\tutorial07\shadowshader.cpp(14): warning C4100: “hwnd”: 未引用的形参
d:\dx11\samples\c++\direct3d11\tutorials\tutorial07\shadowshader.cpp(20): warning C4101: “polygonLayout”: 未引用的局部变量
  main.cpp
d:\dx11\include\dxgitype.h(12): warning C4005: “DXGI_STATUS_OCCLUDED”: 宏重定义
  c:\program files (x86)\windows kits\8.1\include\shared\winerror.h(50092): note: 参见“DXGI_STATUS_OCCLUDED”的前一个定义
d:\dx11\include\dxgitype.h(13): warning C4005: “DXGI_STATUS_CLIPPED”: 宏重定义
  c:\program files (x86)\windows kits\8.1\include\shared\winerror.h(50101): note: 参见“DXGI_STATUS_CLIPPED”的前一个定义
d:\dx11\include\dxgitype.h(14): warning C4005: “DXGI_STATUS_NO_REDIRECTION”: 宏重定义
  c:\program files (x86)\windows kits\8.1\include\shared\winerror.h(50110): note: 参见“DXGI_STATUS_NO_REDIRECTION”的前一个定义
d:\dx11\include\dxgitype.h(15): warning C4005: “DXGI_STATUS_NO_DESKTOP_ACCESS”: 宏重定义
  c:\program files (x86)\windows kits\8.1\include\shared\winerror.h(50119): note: 参见“DXGI_STATUS_NO_DESKTOP_ACCESS”的前一个定义
d:\dx11\include\dxgitype.h(16): warning C4005: “DXGI_STATUS_GRAPHICS_VIDPN_SOURCE_IN_USE”: 宏重定义
  c:\program files (x86)\windows kits\8.1\include\shared\winerror.h(50128): note: 参见“DXGI_STATUS_GRAPHICS_VIDPN_SOURCE_IN_USE”的前一个定义
d:\dx11\include\dxgitype.h(17): warning C4005: “DXGI_STATUS_MODE_CHANGED”: 宏重定义
  c:\program files (x86)\windows kits\8.1\include\shared\winerror.h(50137): note: 参见“DXGI_STATUS_MODE_CHANGED”的前一个定义
d:\dx11\include\dxgitype.h(18): warning C4005: “DXGI_STATUS_MODE_CHANGE_IN_PROGRESS”: 宏重定义
  c:\program files (x86)\windows kits\8.1\include\shared\winerror.h(50146): note: 参见“DXGI_STATUS_MODE_CHANGE_IN_PROGRESS”的前一个定义
d:\dx11\include\dxgitype.h(21): warning C4005: “DXGI_ERROR_INVALID_CALL”: 宏重定义
  c:\program files (x86)\windows kits\8.1\include\shared\winerror.h(50161): note: 参见“DXGI_ERROR_INVALID_CALL”的前一个定义
d:\dx11\include\dxgitype.h(22): warning C4005: “DXGI_ERROR_NOT_FOUND”: 宏重定义
  c:\program files (x86)\windows kits\8.1\include\shared\winerror.h(50170): note: 参见“DXGI_ERROR_NOT_FOUND”的前一个定义
d:\dx11\include\dxgitype.h(23): warning C4005: “DXGI_ERROR_MORE_DATA”: 宏重定义
  c:\program files (x86)\windows kits\8.1\include\shared\winerror.h(50179): note: 参见“DXGI_ERROR_MORE_DATA”的前一个定义
d:\dx11\include\dxgitype.h(24): warning C4005: “DXGI_ERROR_UNSUPPORTED”: 宏重定义
  c:\program files (x86)\windows kits\8.1\include\shared\winerror.h(50188): note: 参见“DXGI_ERROR_UNSUPPORTED”的前一个定义
d:\dx11\include\dxgitype.h(25): warning C4005: “DXGI_ERROR_DEVICE_REMOVED”: 宏重定义
  c:\program files (x86)\windows kits\8.1\include\shared\winerror.h(50197): note: 参见“DXGI_ERROR_DEVICE_REMOVED”的前一个定义
d:\dx11\include\dxgitype.h(26): warning C4005: “DXGI_ERROR_DEVICE_HUNG”: 宏重定义
  c:\program files (x86)\windows kits\8.1\include\shared\winerror.h(50206): note: 参见“DXGI_ERROR_DEVICE_HUNG”的前一个定义
d:\dx11\include\dxgitype.h(27): warning C4005: “DXGI_ERROR_DEVICE_RESET”: 宏重定义
  c:\program files (x86)\windows kits\8.1\include\shared\winerror.h(50216): note: 参见“DXGI_ERROR_DEVICE_RESET”的前一个定义
d:\dx11\include\dxgitype.h(28): warning C4005: “DXGI_ERROR_WAS_STILL_DRAWING”: 宏重定义
  c:\program files (x86)\windows kits\8.1\include\shared\winerror.h(50225): note: 参见“DXGI_ERROR_WAS_STILL_DRAWING”的前一个定义
d:\dx11\include\dxgitype.h(29): warning C4005: “DXGI_ERROR_FRAME_STATISTICS_DISJOINT”: 宏重定义
  c:\program files (x86)\windows kits\8.1\include\shared\winerror.h(50235): note: 参见“DXGI_ERROR_FRAME_STATISTICS_DISJOINT”的前一个定义
d:\dx11\include\dxgitype.h(30): warning C4005: “DXGI_ERROR_GRAPHICS_VIDPN_SOURCE_IN_USE”: 宏重定义
  c:\program files (x86)\windows kits\8.1\include\shared\winerror.h(50244): note: 参见“DXGI_ERROR_GRAPHICS_VIDPN_SOURCE_IN_USE”的前一个定义
d:\dx11\include\dxgitype.h(31): warning C4005: “DXGI_ERROR_DRIVER_INTERNAL_ERROR”: 宏重定义
  c:\program files (x86)\windows kits\8.1\include\shared\winerror.h(50254): note: 参见“DXGI_ERROR_DRIVER_INTERNAL_ERROR”的前一个定义
d:\dx11\include\dxgitype.h(32): warning C4005: “DXGI_ERROR_NONEXCLUSIVE”: 宏重定义
  c:\program files (x86)\windows kits\8.1\include\shared\winerror.h(50263): note: 参见“DXGI_ERROR_NONEXCLUSIVE”的前一个定义
d:\dx11\include\dxgitype.h(33): warning C4005: “DXGI_ERROR_NOT_CURRENTLY_AVAILABLE”: 宏重定义
  c:\program files (x86)\windows kits\8.1\include\shared\winerror.h(50272): note: 参见“DXGI_ERROR_NOT_CURRENTLY_AVAILABLE”的前一个定义
d:\dx11\include\dxgitype.h(34): warning C4005: “DXGI_ERROR_REMOTE_CLIENT_DISCONNECTED”: 宏重定义
  c:\program files (x86)\windows kits\8.1\include\shared\winerror.h(50282): note: 参见“DXGI_ERROR_REMOTE_CLIENT_DISCONNECTED”的前一个定义
d:\dx11\include\dxgitype.h(35): warning C4005: “DXGI_ERROR_REMOTE_OUTOFMEMORY”: 宏重定义
  c:\program files (x86)\windows kits\8.1\include\shared\winerror.h(50291): note: 参见“DXGI_ERROR_REMOTE_OUTOFMEMORY”的前一个定义
d:\dx11\include\d3d11.h(917): warning C4005: “D3D11_ERROR_TOO_MANY_UNIQUE_STATE_OBJECTS”: 宏重定义
  c:\program files (x86)\windows kits\8.1\include\shared\winerror.h(50469): note: 参见“D3D11_ERROR_TOO_MANY_UNIQUE_STATE_OBJECTS”的前一个定义
d:\dx11\include\d3d11.h(918): warning C4005: “D3D11_ERROR_FILE_NOT_FOUND”: 宏重定义
  c:\program files (x86)\windows kits\8.1\include\shared\winerror.h(50478): note: 参见“D3D11_ERROR_FILE_NOT_FOUND”的前一个定义
d:\dx11\include\d3d11.h(919): warning C4005: “D3D11_ERROR_TOO_MANY_UNIQUE_VIEW_OBJECTS”: 宏重定义
  c:\program files (x86)\windows kits\8.1\include\shared\winerror.h(50488): note: 参见“D3D11_ERROR_TOO_MANY_UNIQUE_VIEW_OBJECTS”的前一个定义
d:\dx11\include\d3d11.h(920): warning C4005: “D3D11_ERROR_DEFERRED_CONTEXT_MAP_WITHOUT_INITIAL_DISCARD”: 宏重定义
  c:\program files (x86)\windows kits\8.1\include\shared\winerror.h(50497): note: 参见“D3D11_ERROR_DEFERRED_CONTEXT_MAP_WITHOUT_INITIAL_DISCARD”的前一个定义
d:\dx11\include\d3d10.h(608): warning C4005: “D3D10_ERROR_TOO_MANY_UNIQUE_STATE_OBJECTS”: 宏重定义
  c:\program files (x86)\windows kits\8.1\include\shared\winerror.h(50445): note: 参见“D3D10_ERROR_TOO_MANY_UNIQUE_STATE_OBJECTS”的前一个定义
d:\dx11\include\d3d10.h(609): warning C4005: “D3D10_ERROR_FILE_NOT_FOUND”: 宏重定义
  c:\program files (x86)\windows kits\8.1\include\shared\winerror.h(50454): note: 参见“D3D10_ERROR_FILE_NOT_FOUND”的前一个定义
d:\dx11\include\xnamath.h(2630): warning C4005: “XMGLOBALCONST”: 宏重定义
  c:\program files (x86)\windows kits\8.1\include\um\directxmath.h(1643): note: 参见“XMGLOBALCONST”的前一个定义
d:\dx11\include\xnamath.h(2662): warning C4838: 从“unsigned int”转换到“INT”需要收缩转换
d:\dx11\include\xnamath.h(2663): warning C4838: 从“unsigned int”转换到“INT”需要收缩转换
d:\dx11\include\xnamath.h(2664): warning C4838: 从“unsigned int”转换到“INT”需要收缩转换
d:\dx11\include\xnamath.h(2665): warning C4838: 从“unsigned int”转换到“INT”需要收缩转换
d:\dx11\include\xnamath.h(2666): warning C4838: 从“unsigned int”转换到“INT”需要收缩转换
d:\dx11\include\xnamath.h(2667): warning C4838: 从“unsigned int”转换到“INT”需要收缩转换
d:\dx11\include\xnamath.h(2668): warning C4838: 从“unsigned int”转换到“INT”需要收缩转换
d:\dx11\include\xnamath.h(2689): warning C4838: 从“unsigned int”转换到“INT”需要收缩转换
d:\dx11\include\xnamath.h(2690): warning C4838: 从“unsigned int”转换到“INT”需要收缩转换
d:\dx11\include\xnamath.h(2691): warning C4838: 从“unsigned int”转换到“INT”需要收缩转换
d:\dx11\include\xnamath.h(2694): warning C4838: 从“unsigned int”转换到“INT”需要收缩转换
d:\dx11\include\xnamath.h(2695): warning C4838: 从“unsigned int”转换到“INT”需要收缩转换
d:\dx11\include\xnamath.h(2698): warning C4838: 从“unsigned int”转换到“INT”需要收缩转换
d:\dx11\include\xnamath.h(2702): warning C4838: 从“unsigned int”转换到“INT”需要收缩转换
d:\dx11\include\xnamath.h(2712): warning C4838: 从“unsigned int”转换到“INT”需要收缩转换
d:\dx11\include\xnamath.h(2713): warning C4838: 从“unsigned int”转换到“INT”需要收缩转换
d:\dx11\include\xnamath.h(2715): warning C4838: 从“unsigned int”转换到“INT”需要收缩转换
d:\dx11\include\xnamath.h(2716): warning C4838: 从“unsigned int”转换到“INT”需要收缩转换
d:\dx11\include\xnamath.h(2717): warning C4838: 从“unsigned int”转换到“INT”需要收缩转换
d:\dx11\include\xnamath.h(2727): warning C4838: 从“unsigned int”转换到“INT”需要收缩转换
d:\dx11\include\xnamath.h(2728): warning C4838: 从“unsigned int”转换到“INT”需要收缩转换
d:\dx11\include\xnamath.h(2729): warning C4838: 从“unsigned int”转换到“INT”需要收缩转换
d:\dx11\include\xnamath.h(2730): warning C4838: 从“unsigned int”转换到“INT”需要收缩转换
d:\dx11\include\xnamath.h(2731): warning C4838: 从“unsigned int”转换到“INT”需要收缩转换
d:\dx11\include\xnamath.h(2732): warning C4838: 从“unsigned int”转换到“INT”需要收缩转换
d:\dx11\include\xnamath.h(2742): warning C4838: 从“unsigned int”转换到“INT”需要收缩转换
d:\dx11\include\xnamath.h(2743): warning C4838: 从“unsigned int”转换到“INT”需要收缩转换
d:\dx11\include\xnamath.h(2754): warning C4838: 从“unsigned int”转换到“INT”需要收缩转换
d:\dx11\include\xnamathconvert.inl(2254): warning C4838: 从“unsigned int”转换到“INT”需要收缩转换
d:\dx11\include\xnamathconvert.inl(4523): warning C4838: 从“unsigned int”转换到“INT”需要收缩转换
d:\dx11\include\xnamathconvert.inl(4577): warning C4838: 从“unsigned int”转换到“INT”需要收缩转换
d:\dx11\include\xnamathconvert.inl(4639): warning C4838: 从“unsigned int”转换到“INT”需要收缩转换
d:\dx11\include\xnamathconvert.inl(4707): warning C4838: 从“unsigned int”转换到“INT”需要收缩转换
d:\dx11\include\xnamathconvert.inl(4770): warning C4838: 从“unsigned int”转换到“INT”需要收缩转换
d:\dx11\include\xnamathconvert.inl(4832): warning C4838: 从“unsigned int”转换到“INT”需要收缩转换
d:\dx11\include\xnamathmisc.inl(518): warning C4838: 从“unsigned int”转换到“INT”需要收缩转换
d:\dx11\include\xnamathmisc.inl(519): warning C4838: 从“unsigned int”转换到“INT”需要收缩转换
d:\dx11\samples\c++\direct3d11\tutorials\tutorial07\main.cpp(156): warning C4244: “=”: 从“int”转换到“FLOAT”，可能丢失数据
d:\dx11\samples\c++\direct3d11\tutorials\tutorial07\main.cpp(157): warning C4244: “=”: 从“int”转换到“FLOAT”，可能丢失数据
d:\dx11\samples\c++\direct3d11\tutorials\tutorial07\main.cpp(166): warning C4244: “=”: 从“int”转换到“FLOAT”，可能丢失数据
d:\dx11\samples\c++\direct3d11\tutorials\tutorial07\main.cpp(167): warning C4244: “=”: 从“int”转换到“FLOAT”，可能丢失数据
d:\dx11\samples\c++\direct3d11\tutorials\tutorial07\main.cpp(187): warning C4244: “=”: 从“int”转换到“FLOAT”，可能丢失数据
d:\dx11\samples\c++\direct3d11\tutorials\tutorial07\main.cpp(188): warning C4244: “=”: 从“int”转换到“FLOAT”，可能丢失数据
  正在生成代码
  0 of 76 functions ( 0.0%) were compiled, the rest were copied from previous compilation.
    0 functions were new in current compilation
    2 functions had inline decision re-evaluated but remain unchanged
  已完成代码的生成
  Tutorial07_2010.vcxproj -> D:\DX11\Samples\C++\Direct3D11\Tutorials\Tutorial07\x64\Release\DriveCar.exe
